#
# A fatal error has been detected by the Java Runtime Environment:
#
#  EXCEPTION_ACCESS_VIOLATION (0xc0000005) at pc=0x00007ffdec8fb47b, pid=6576, tid=15424
#
# JRE version: Java(TM) SE Runtime Environment (15.0+36) (build 15+36-1562)
# Java VM: Java HotSpot(TM) 64-Bit Server VM (15+36-1562, mixed mode, sharing, tiered, compressed oops, g1 gc, windows-amd64)
# Problematic frame:
# V  [jvm.dll+0x5db47b]
#
# No core dump will be written. Minidumps are not enabled by default on client versions of Windows
#
# If you would like to submit a bug report, please visit:
#   https://bugreport.java.com/bugreport/crash.jsp
#

---------------  S U M M A R Y ------------

Command Line: -Dfile.encoding=UTF-8 -agentpath:C:/Program Files/NetBeans-12.1/netbeans/profiler/lib/deployed/jdk16/windows-amd64/profilerinterface.dll=C:\Program Files\NetBeans-12.1\netbeans\profiler\lib,5140,10 -XX:+HeapDumpOnOutOfMemoryError -XX:HeapDumpPath=C:\Users\colin\OneDrive\Documents\current\ClinicPMS\nbproject\private\profiler clinicpms.controller.DesktopViewController DATA_MIGRATION_ENABLED

Host: Intel(R) Core(TM) i5-10210U CPU @ 1.60GHz, 8 cores, 7G,  Windows 10 , 64 bit Build 22000 (10.0.22000.434)
Time: Mon Mar 28 09:49:03 2022 GMT Summer Time elapsed time: 63.776138 seconds (0d 0h 1m 3s)

---------------  T H R E A D  ---------------

Current thread (0x00000230beb5f5c0):  JavaThread "*** Profiler Agent Communication Thread" daemon [_thread_in_vm, id=15424, stack(0x000000d656300000,0x000000d656400000)]

Stack: [0x000000d656300000,0x000000d656400000],  sp=0x000000d6563fefe0,  free space=1019k
Native frames: (J=compiled Java code, j=interpreted, Vv=VM code, C=native code)
V  [jvm.dll+0x5db47b]
V  [jvm.dll+0x49af5b]
C  [profilerinterface.dll+0x34da]

Java frames: (J=compiled Java code, j=interpreted, Vv=VM code)
j  org.netbeans.lib.profiler.server.system.Stacks.getMethodNamesForJMethodIds(I[I[I)[B+0
j  org.netbeans.lib.profiler.server.ProfilerInterface.getMethodNamesForJMethodIds([I)Lorg/netbeans/lib/profiler/wireprotocol/MethodNamesResponse;+20
j  org.netbeans.lib.profiler.server.ProfilerServer.handleClientCommand(Lorg/netbeans/lib/profiler/wireprotocol/Command;)V+691
j  org.netbeans.lib.profiler.server.ProfilerServer.listenToClient()V+48
j  org.netbeans.lib.profiler.server.ProfilerServer.run()V+22
v  ~StubRoutines::call_stub

siginfo: EXCEPTION_ACCESS_VIOLATION (0xc0000005), reading address 0xffffffffc19ff830


Register to memory mapping:

RIP=0x00007ffdec8fb47b jvm.dll
RAX=0x000000d6563ff001 is pointing into the stack for thread: 0x00000230beb5f5c0
RBX=0x00000230beb5f5c0 is a thread
RCX=0xffffffffc19ff830 is an unknown value
RDX=0x00000230beb5f5c0 is a thread
RSP=0x000000d6563fefe0 is pointing into the stack for thread: 0x00000230beb5f5c0
RBP=0xffffffffc19ff830 is an unknown value
RSI=0x000000d6563ff100 is pointing into the stack for thread: 0x00000230beb5f5c0
RDI=0x000002309f615e30 points into unknown readable memory: 0x00007ffdecd29940 | 40 99 d2 ec fd 7f 00 00
R8 =0x000000d6563ff100 is pointing into the stack for thread: 0x00000230beb5f5c0
R9 =0x0 is NULL
R10=0x0000000000000001 is an unknown value
R11=0x000000d6563fefd8 is pointing into the stack for thread: 0x00000230beb5f5c0
R12=0x00000230c13ceb70 points into unknown readable memory: 0x419ff840419ff830 | 30 f8 9f 41 40 f8 9f 41
R13=0x000000000000001f is an unknown value
R14=0x00007ffe54bb9c68 profilerinterface.dll
R15=0x00007ffe54bb9a60 profilerinterface.dll


Registers:
RAX=0x000000d6563ff001, RBX=0x00000230beb5f5c0, RCX=0xffffffffc19ff830, RDX=0x00000230beb5f5c0
RSP=0x000000d6563fefe0, RBP=0xffffffffc19ff830, RSI=0x000000d6563ff100, RDI=0x000002309f615e30
R8 =0x000000d6563ff100, R9 =0x0000000000000000, R10=0x0000000000000001, R11=0x000000d6563fefd8
R12=0x00000230c13ceb70, R13=0x000000000000001f, R14=0x00007ffe54bb9c68, R15=0x00007ffe54bb9a60
RIP=0x00007ffdec8fb47b, EFLAGS=0x0000000000010286

Top of Stack: (sp=0x000000d6563fefe0)
0x000000d6563fefe0:   000000000000001f 00000230c13ceb70
0x000000d6563feff0:   00000230beb5f5c0 000000d6563ff1b8
0x000000d6563ff000:   00000230beb5f5c0 00007ffdec7baf5b
0x000000d6563ff010:   00000000000004d8 00000230beb5f5c0
0x000000d6563ff020:   00000230beb5f8e8 00007ffe5f71c750
0x000000d6563ff030:   00000230beb5f5c0 0000000000000000
0x000000d6563ff040:   0000023000000000 0000000000000000
0x000000d6563ff050:   ffffffffc19ff830 00007ffe54bb34da
0x000000d6563ff060:   0000000000000000 00000230beb5f8e8
0x000000d6563ff070:   0000000000000001 00000230be3ddf28
0x000000d6563ff080:   00000230c13ceb70 00007ffdec66bf17
0x000000d6563ff090:   000000000001bb5b 00000230a788ed9c
0x000000d6563ff0a0:   00000230beb5f5c0 0000000000000001
0x000000d6563ff0b0:   00000230be3ddf28 00000230beb5f5c0
0x000000d6563ff0c0:   00000230beb5f5c0 00000230be3ddf28
0x000000d6563ff0d0:   0000000000000000 000000000000557c 

Instructions: (pc=0x00007ffdec8fb47b)
0x00007ffdec8fb37b:   00 00 4d 85 f6 74 3c 49 8b 06 49 8b ce 48 89 7c
0x00007ffdec8fb38b:   24 38 ff 50 30 49 8b 16 49 8b ce 48 63 d8 ff 52
0x00007ffdec8fb39b:   08 48 8b cd 0f b6 f8 e8 99 d5 be ff 48 8b c8 44
0x00007ffdec8fb3ab:   0f b6 cf 4c 8b c3 49 8b d6 e8 57 44 ff ff 48 8b
0x00007ffdec8fb3bb:   7c 24 38 48 8b 6c 24 58 80 3d 58 5c 4a 00 00 74
0x00007ffdec8fb3cb:   18 48 8b 4c 24 20 48 8b d6 e8 a7 26 00 00 48 83
0x00007ffdec8fb3db:   7e 08 00 74 04 33 db eb 09 48 8b 44 24 20 48 8b
0x00007ffdec8fb3eb:   58 18 48 8d 4c 24 20 e8 29 8a d3 ff 4c 8b 74 24
0x00007ffdec8fb3fb:   30 48 8b c3 48 8b 5c 24 50 48 83 c4 40 5e c3 cc
0x00007ffdec8fb40b:   cc cc cc cc cc 48 8b 51 08 4c 8b c1 48 8b 42 08
0x00007ffdec8fb41b:   0f b6 52 24 c0 ea 06 48 8b 48 18 8b 81 a4 00 00
0x00007ffdec8fb42b:   00 f6 c2 01 75 27 48 85 c9 74 14 8b c8 c1 e9 09
0x00007ffdec8fb43b:   f6 c1 01 74 0a 41 f7 40 20 02 04 00 00 74 0e 41
0x00007ffdec8fb44b:   8b 48 20 0b c8 f6 c1 10 74 03 b0 01 c3 41 83 78
0x00007ffdec8fb45b:   24 fe 0f 94 c0 c3 cc cc cc cc cc cc cc cc cc cc
0x00007ffdec8fb46b:   cc cc cc cc cc 40 53 48 83 ec 20 48 85 c9 74 24
0x00007ffdec8fb47b:   48 8b 19 48 85 db 74 1c 48 83 fb 37 74 16 48 8b
0x00007ffdec8fb48b:   13 48 8b cb ff 52 10 84 c0 74 09 48 8b c3 48 83
0x00007ffdec8fb49b:   c4 20 5b c3 33 c0 48 83 c4 20 5b c3 cc cc cc cc
0x00007ffdec8fb4ab:   cc cc cc cc cc 40 53 55 41 56 41 57 48 83 ec 28
0x00007ffdec8fb4bb:   48 8b 41 08 33 ed 4c 8b f1 48 8b 50 08 4c 8b 7a
0x00007ffdec8fb4cb:   18 49 8b 9f 70 01 00 00 48 85 db 0f 84 e5 00 00
0x00007ffdec8fb4db:   00 8b 15 aa 29 4f 00 65 48 8b 04 25 58 00 00 00
0x00007ffdec8fb4eb:   48 89 74 24 50 4c 89 64 24 60 4c 89 6c 24 20 41
0x00007ffdec8fb4fb:   bd ff ff 00 00 4c 8d 24 d0 41 b8 40 00 00 00 48
0x00007ffdec8fb50b:   89 7c 24 58 90 49 8b 56 08 48 8b 73 10 0f b7 42
0x00007ffdec8fb51b:   2a 66 39 43 08 75 7c 0f b7 42 2c 66 39 43 0a 75
0x00007ffdec8fb52b:   72 0f b6 03 48 63 4b 04 49 8b 3c 24 88 44 11 38
0x00007ffdec8fb53b:   41 8b c0 80 3c 38 00 75 05 e8 53 be 1f 00 b8 08
0x00007ffdec8fb54b:   00 00 00 49 8b ce 48 8b 3c 38 48 8b d7 e8 f3 33
0x00007ffdec8fb55b:   bc ff 48 83 7f 08 00 75 0a 48 85 c0 74 05 66 44
0x00007ffdec8fb56b:   01 68 16 48 85 ed 74 14 48 8b cb 48 89 75 10 e8 


Stack slot to memory mapping:
stack at sp + 0 slots: 0x000000000000001f is an unknown value
stack at sp + 1 slots: 0x00000230c13ceb70 points into unknown readable memory: 0x419ff840419ff830 | 30 f8 9f 41 40 f8 9f 41
stack at sp + 2 slots: 0x00000230beb5f5c0 is a thread
stack at sp + 3 slots: 0x000000d6563ff1b8 is pointing into the stack for thread: 0x00000230beb5f5c0
stack at sp + 4 slots: 0x00000230beb5f5c0 is a thread
stack at sp + 5 slots: 0x00007ffdec7baf5b jvm.dll
stack at sp + 6 slots: 0x00000000000004d8 is an unknown value
stack at sp + 7 slots: 0x00000230beb5f5c0 is a thread


---------------  P R O C E S S  ---------------

Threads class SMR info:
_java_thread_list=0x00000230c2402700, length=23, elements={
0x00000230bdffc8e0, 0x00000230bdffe3c0, 0x00000230be0254c0, 0x00000230be027e80,
0x00000230be028830, 0x00000230be019970, 0x00000230be01a270, 0x00000230be02afa0,
0x00000230beab3e70, 0x00000230beb5f5c0, 0x00000230bebecfe0, 0x00000230bebed4b0,
0x00000230bf5d30e0, 0x00000230bf676d90, 0x00000230bf679430, 0x00000230bf679900,
0x00000230bf8178f0, 0x00000230bf79ddc0, 0x00000230bf79c5b0, 0x00000230bf79ec30,
0x00000230bf79cf50, 0x00000230bf79d8f0, 0x00000230bf727160
}

Java Threads: ( => current thread )
  0x00000230bdffc8e0 JavaThread "Reference Handler" daemon [_thread_blocked, id=884, stack(0x000000d655a00000,0x000000d655b00000)]
  0x00000230bdffe3c0 JavaThread "Finalizer" daemon [_thread_blocked, id=11568, stack(0x000000d655b00000,0x000000d655c00000)]
  0x00000230be0254c0 JavaThread "Signal Dispatcher" daemon [_thread_blocked, id=9680, stack(0x000000d655c00000,0x000000d655d00000)]
  0x00000230be027e80 JavaThread "Attach Listener" daemon [_thread_blocked, id=18620, stack(0x000000d655d00000,0x000000d655e00000)]
  0x00000230be028830 JavaThread "Service Thread" daemon [_thread_blocked, id=7608, stack(0x000000d655e00000,0x000000d655f00000)]
  0x00000230be019970 JavaThread "C2 CompilerThread0" daemon [_thread_blocked, id=5644, stack(0x000000d655f00000,0x000000d656000000)]
  0x00000230be01a270 JavaThread "C1 CompilerThread0" daemon [_thread_blocked, id=9488, stack(0x000000d656000000,0x000000d656100000)]
  0x00000230be02afa0 JavaThread "Sweeper thread" daemon [_thread_blocked, id=7376, stack(0x000000d656100000,0x000000d656200000)]
  0x00000230beab3e70 JavaThread "Common-Cleaner" daemon [_thread_blocked, id=13580, stack(0x000000d656200000,0x000000d656300000)]
=>0x00000230beb5f5c0 JavaThread "*** Profiler Agent Communication Thread" daemon [_thread_in_vm, id=15424, stack(0x000000d656300000,0x000000d656400000)]
  0x00000230bebecfe0 JavaThread "*** JFluid Monitor thread ***" daemon [_thread_blocked, id=13156, stack(0x000000d656400000,0x000000d656500000)]
  0x00000230bebed4b0 JavaThread "*** Profiler Agent Special Execution Thread 6" daemon [_thread_blocked, id=10448, stack(0x000000d656500000,0x000000d656600000)]
  0x00000230bf5d30e0 JavaThread "Notification Thread" daemon [_thread_blocked, id=8180, stack(0x000000d656600000,0x000000d656700000)]
  0x00000230bf676d90 JavaThread "Java2D Disposer" daemon [_thread_blocked, id=19476, stack(0x000000d656800000,0x000000d656900000)]
  0x00000230bf679430 JavaThread "AWT-Shutdown" [_thread_blocked, id=18580, stack(0x000000d656900000,0x000000d656a00000)]
  0x00000230bf679900 JavaThread "AWT-Windows" daemon [_thread_in_native, id=17280, stack(0x000000d656a00000,0x000000d656b00000)]
  0x00000230bf8178f0 JavaThread "AWT-EventQueue-0" [_thread_blocked, id=18876, stack(0x000000d656c00000,0x000000d656d00000)]
  0x00000230bf79ddc0 JavaThread "DestroyJavaVM" [_thread_blocked, id=17332, stack(0x000000d655300000,0x000000d655400000)]
  0x00000230bf79c5b0 JavaThread "MemoryTimer-dblocation.accdb" daemon [_thread_blocked, id=15392, stack(0x000000d656e00000,0x000000d656f00000)]
  0x00000230bf79ec30 JavaThread "MemoryTimer-migration13.accdb" daemon [_thread_blocked, id=17640, stack(0x000000d657800000,0x000000d657900000)]
  0x00000230bf79cf50 JavaThread "MemoryTimer-pms2.accdb" daemon [_thread_blocked, id=13420, stack(0x000000d657a00000,0x000000d657b00000)]
  0x00000230bf79d8f0 JavaThread "TimerQueue" daemon [_thread_blocked, id=2676, stack(0x000000d656b00000,0x000000d656c00000)]
  0x00000230bf727160 JavaThread "*** Profiler Agent Special Execution Thread 10" daemon [_thread_blocked, id=13788, stack(0x000000d655100000,0x000000d655200000)]

Other Threads:
  0x00000230bdff6770 VMThread "VM Thread" [stack: 0x000000d655900000,0x000000d655a00000] [id=14240] _threads_hazard_ptr=0x00000230c2402700
  0x000002309f625ea0 WatcherThread [stack: 0x000000d656700000,0x000000d656800000] [id=12664]
  0x000002309f6651b0 GCTaskThread "GC Thread#0" [stack: 0x000000d655400000,0x000000d655500000] [id=16480]
  0x00000230beaca940 GCTaskThread "GC Thread#1" [stack: 0x000000d656f00000,0x000000d657000000] [id=15784]
  0x00000230beac9fb0 GCTaskThread "GC Thread#2" [stack: 0x000000d657000000,0x000000d657100000] [id=13780]
  0x00000230beac8fc0 GCTaskThread "GC Thread#3" [stack: 0x000000d657100000,0x000000d657200000] [id=17472]
  0x00000230beac92f0 GCTaskThread "GC Thread#4" [stack: 0x000000d657200000,0x000000d657300000] [id=10504]
  0x00000230beac9620 GCTaskThread "GC Thread#5" [stack: 0x000000d657300000,0x000000d657400000] [id=8324]
  0x000002309f676d50 ConcurrentGCThread "G1 Main Marker" [stack: 0x000000d655500000,0x000000d655600000] [id=13976]
  0x000002309f678060 ConcurrentGCThread "G1 Conc#0" [stack: 0x000000d655600000,0x000000d655700000] [id=11196]
  0x00000230c1c50350 ConcurrentGCThread "G1 Conc#1" [stack: 0x000000d657b00000,0x000000d657c00000] [id=14440]
  0x000002309f6ee8f0 ConcurrentGCThread "G1 Refine#0" [stack: 0x000000d655700000,0x000000d655800000] [id=8208]
  0x00000230bfb1da10 ConcurrentGCThread "G1 Refine#1" [stack: 0x000000d657400000,0x000000d657500000] [id=16012]
  0x00000230bf9ca280 ConcurrentGCThread "G1 Refine#2" [stack: 0x000000d657500000,0x000000d657600000] [id=11740]
  0x00000230bfac5bb0 ConcurrentGCThread "G1 Refine#3" [stack: 0x000000d657600000,0x000000d657700000] [id=12652]
  0x00000230c21192b0 ConcurrentGCThread "G1 Refine#4" [stack: 0x000000d657900000,0x000000d657a00000] [id=10068]
  0x000002309f6ef470 ConcurrentGCThread "G1 Young RemSet Sampling" [stack: 0x000000d655800000,0x000000d655900000] [id=12468]

Threads with active compile tasks:

VM state: synchronizing (normal execution)

VM Mutex/Monitor currently owned by a thread:  ([mutex/lock_event])
[0x000002309f6208d0] Threads_lock - owner thread: 0x00000230bdff6770

Heap address: 0x0000000083200000, size: 1998 MB, Compressed Oops mode: 32-bit
CDS archive(s) mapped at: [0x0000000800000000-0x0000000800b50000-0x0000000800b50000), size 11862016, SharedBaseAddress: 0x0000000800000000, ArchiveRelocationMode: 0.
Compressed class space mapped at: 0x0000000800b50000-0x0000000840b50000, size: 1073741824
Narrow klass base: 0x0000000800000000, Narrow klass shift: 3, Narrow klass range: 0x100000000

GC Precious Log:
 CPUs: 8 total, 8 available
 Memory: 7988M
 Large Page Support: Disabled
 NUMA Support: Disabled
 Compressed Oops: Enabled (32-bit)
 Heap Region Size: 1M
 Heap Min Capacity: 8M
 Heap Initial Capacity: 126M
 Heap Max Capacity: 1998M
 Pre-touch: Disabled
 Parallel Workers: 8
 Concurrent Workers: 2
 Concurrent Refinement Workers: 8
 Periodic GC: Disabled

Heap:
 garbage-first heap   total 129024K, used 65063K [0x0000000083200000, 0x0000000100000000)
  region size 1024K, 17 young (17408K), 4 survivors (4096K)
 Metaspace       used 22830K, capacity 23114K, committed 23420K, reserved 1071104K
  class space    used 2182K, capacity 2276K, committed 2428K, reserved 1048576K

Heap Regions: E=young(eden), S=young(survivor), O=old, HS=humongous(starts), HC=humongous(continues), CS=collection set, F=free, OA=open archive, CA=closed archive, TAMS=top-at-mark-start (previous, next)
|   0|0x0000000083200000, 0x0000000083300000, 0x0000000083300000|100%|HS|  |TAMS 0x0000000083300000, 0x0000000083200000| Complete 
|   1|0x0000000083300000, 0x0000000083400000, 0x0000000083400000|100%|HC|  |TAMS 0x0000000083400000, 0x0000000083300000| Complete 
|   2|0x0000000083400000, 0x0000000083500000, 0x0000000083500000|100%|HS|  |TAMS 0x0000000083500000, 0x0000000083400000| Complete 
|   3|0x0000000083500000, 0x0000000083600000, 0x0000000083600000|100%|HC|  |TAMS 0x0000000083600000, 0x0000000083500000| Complete 
|   4|0x0000000083600000, 0x0000000083700000, 0x0000000083700000|100%|HC|  |TAMS 0x0000000083700000, 0x0000000083600000| Complete 
|   5|0x0000000083700000, 0x0000000083800000, 0x0000000083800000|100%| O|  |TAMS 0x0000000083800000, 0x0000000083700000| Untracked 
|   6|0x0000000083800000, 0x0000000083900000, 0x0000000083900000|100%| O|  |TAMS 0x0000000083900000, 0x0000000083800000| Untracked 
|   7|0x0000000083900000, 0x0000000083a00000, 0x0000000083a00000|100%| O|  |TAMS 0x0000000083a00000, 0x0000000083900000| Untracked 
|   8|0x0000000083a00000, 0x0000000083b00000, 0x0000000083b00000|100%| O|  |TAMS 0x0000000083b00000, 0x0000000083a00000| Untracked 
|   9|0x0000000083b00000, 0x0000000083c00000, 0x0000000083c00000|100%| O|  |TAMS 0x0000000083c00000, 0x0000000083b00000| Untracked 
|  10|0x0000000083c00000, 0x0000000083d00000, 0x0000000083d00000|100%| O|  |TAMS 0x0000000083d00000, 0x0000000083c00000| Untracked 
|  11|0x0000000083d00000, 0x0000000083e00000, 0x0000000083e00000|100%| O|  |TAMS 0x0000000083e00000, 0x0000000083d00000| Untracked 
|  12|0x0000000083e00000, 0x0000000083f00000, 0x0000000083f00000|100%| O|  |TAMS 0x0000000083f00000, 0x0000000083e00000| Untracked 
|  13|0x0000000083f00000, 0x0000000084000000, 0x0000000084000000|100%| O|  |TAMS 0x0000000084000000, 0x0000000083f00000| Untracked 
|  14|0x0000000084000000, 0x0000000084100000, 0x0000000084100000|100%| O|  |TAMS 0x0000000084100000, 0x0000000084000000| Untracked 
|  15|0x0000000084100000, 0x0000000084200000, 0x0000000084200000|100%| O|  |TAMS 0x0000000084200000, 0x0000000084100000| Untracked 
|  16|0x0000000084200000, 0x0000000084300000, 0x0000000084300000|100%| O|  |TAMS 0x0000000084300000, 0x0000000084200000| Untracked 
|  17|0x0000000084300000, 0x0000000084400000, 0x0000000084400000|100%| O|  |TAMS 0x0000000084400000, 0x0000000084300000| Untracked 
|  18|0x0000000084400000, 0x0000000084500000, 0x0000000084500000|100%| O|  |TAMS 0x0000000084500000, 0x0000000084400000| Untracked 
|  19|0x0000000084500000, 0x0000000084600000, 0x0000000084600000|100%| O|  |TAMS 0x0000000084600000, 0x0000000084500000| Untracked 
|  20|0x0000000084600000, 0x0000000084700000, 0x0000000084700000|100%| O|  |TAMS 0x0000000084700000, 0x0000000084600000| Untracked 
|  21|0x0000000084700000, 0x0000000084800000, 0x0000000084800000|100%| O|  |TAMS 0x0000000084800000, 0x0000000084700000| Untracked 
|  22|0x0000000084800000, 0x0000000084900000, 0x0000000084900000|100%| O|  |TAMS 0x0000000084900000, 0x0000000084800000| Untracked 
|  23|0x0000000084900000, 0x0000000084a00000, 0x0000000084a00000|100%| O|  |TAMS 0x0000000084a00000, 0x0000000084900000| Untracked 
|  24|0x0000000084a00000, 0x0000000084b00000, 0x0000000084b00000|100%| O|  |TAMS 0x0000000084b00000, 0x0000000084a00000| Untracked 
|  25|0x0000000084b00000, 0x0000000084c00000, 0x0000000084c00000|100%| O|  |TAMS 0x0000000084c00000, 0x0000000084b00000| Untracked 
|  26|0x0000000084c00000, 0x0000000084d00000, 0x0000000084d00000|100%| O|  |TAMS 0x0000000084d00000, 0x0000000084c00000| Untracked 
|  27|0x0000000084d00000, 0x0000000084e00000, 0x0000000084e00000|100%| O|  |TAMS 0x0000000084e00000, 0x0000000084d00000| Untracked 
|  28|0x0000000084e00000, 0x0000000084f00000, 0x0000000084f00000|100%| O|  |TAMS 0x0000000084f00000, 0x0000000084e00000| Untracked 
|  29|0x0000000084f00000, 0x0000000085000000, 0x0000000085000000|100%| O|  |TAMS 0x0000000084f36600, 0x0000000084f00000| Untracked 
|  30|0x0000000085000000, 0x0000000085100000, 0x0000000085100000|100%| O|  |TAMS 0x0000000085000000, 0x0000000085000000| Untracked 
|  31|0x0000000085100000, 0x0000000085200000, 0x0000000085200000|100%| O|  |TAMS 0x0000000085100000, 0x0000000085100000| Untracked 
|  32|0x0000000085200000, 0x0000000085300000, 0x0000000085300000|100%| O|  |TAMS 0x0000000085200000, 0x0000000085200000| Untracked 
|  33|0x0000000085300000, 0x0000000085400000, 0x0000000085400000|100%| O|  |TAMS 0x0000000085300000, 0x0000000085300000| Untracked 
|  34|0x0000000085400000, 0x0000000085500000, 0x0000000085500000|100%| O|  |TAMS 0x0000000085400000, 0x0000000085400000| Untracked 
|  35|0x0000000085500000, 0x00000000855e5c00, 0x0000000085600000| 89%| O|  |TAMS 0x0000000085500000, 0x0000000085500000| Untracked 
|  36|0x0000000085600000, 0x0000000085700000, 0x0000000085700000|100%|HS|  |TAMS 0x0000000085600000, 0x0000000085600000| Complete 
|  37|0x0000000085700000, 0x0000000085800000, 0x0000000085800000|100%|HC|  |TAMS 0x0000000085700000, 0x0000000085700000| Complete 
|  38|0x0000000085800000, 0x0000000085900000, 0x0000000085900000|100%|HC|  |TAMS 0x0000000085800000, 0x0000000085800000| Complete 
|  39|0x0000000085900000, 0x0000000085a00000, 0x0000000085a00000|100%|HC|  |TAMS 0x0000000085900000, 0x0000000085900000| Complete 
|  40|0x0000000085a00000, 0x0000000085b00000, 0x0000000085b00000|100%|HC|  |TAMS 0x0000000085a00000, 0x0000000085a00000| Complete 
|  41|0x0000000085b00000, 0x0000000085c00000, 0x0000000085c00000|100%|HC|  |TAMS 0x0000000085b00000, 0x0000000085b00000| Complete 
|  42|0x0000000085c00000, 0x0000000085d00000, 0x0000000085d00000|100%|HS|  |TAMS 0x0000000085c00000, 0x0000000085c00000| Complete 
|  43|0x0000000085d00000, 0x0000000085e00000, 0x0000000085e00000|100%|HC|  |TAMS 0x0000000085d00000, 0x0000000085d00000| Complete 
|  44|0x0000000085e00000, 0x0000000085f00000, 0x0000000085f00000|100%|HC|  |TAMS 0x0000000085e00000, 0x0000000085e00000| Complete 
|  45|0x0000000085f00000, 0x0000000086000000, 0x0000000086000000|100%|HS|  |TAMS 0x0000000085f00000, 0x0000000085f00000| Complete 
|  46|0x0000000086000000, 0x0000000086100000, 0x0000000086100000|100%|HC|  |TAMS 0x0000000086000000, 0x0000000086000000| Complete 
|  47|0x0000000086100000, 0x0000000086200000, 0x0000000086200000|100%|HS|  |TAMS 0x0000000086100000, 0x0000000086100000| Complete 
|  48|0x0000000086200000, 0x0000000086300000, 0x0000000086300000|100%|HC|  |TAMS 0x0000000086200000, 0x0000000086200000| Complete 
|  49|0x0000000086300000, 0x0000000086300000, 0x0000000086400000|  0%| F|  |TAMS 0x0000000086300000, 0x0000000086300000| Untracked 
|  50|0x0000000086400000, 0x0000000086400000, 0x0000000086500000|  0%| F|  |TAMS 0x0000000086400000, 0x0000000086400000| Untracked 
|  51|0x0000000086500000, 0x0000000086500000, 0x0000000086600000|  0%| F|  |TAMS 0x0000000086500000, 0x0000000086500000| Untracked 
|  52|0x0000000086600000, 0x0000000086600000, 0x0000000086700000|  0%| F|  |TAMS 0x0000000086600000, 0x0000000086600000| Untracked 
|  53|0x0000000086700000, 0x0000000086700000, 0x0000000086800000|  0%| F|  |TAMS 0x0000000086700000, 0x0000000086700000| Untracked 
|  54|0x0000000086800000, 0x0000000086800000, 0x0000000086900000|  0%| F|  |TAMS 0x0000000086800000, 0x0000000086800000| Untracked 
|  55|0x0000000086900000, 0x0000000086900000, 0x0000000086a00000|  0%| F|  |TAMS 0x0000000086900000, 0x0000000086900000| Untracked 
|  56|0x0000000086a00000, 0x0000000086a00000, 0x0000000086b00000|  0%| F|  |TAMS 0x0000000086a00000, 0x0000000086a00000| Untracked 
|  57|0x0000000086b00000, 0x0000000086b00000, 0x0000000086c00000|  0%| F|  |TAMS 0x0000000086b00000, 0x0000000086b00000| Untracked 
|  58|0x0000000086c00000, 0x0000000086c00000, 0x0000000086d00000|  0%| F|  |TAMS 0x0000000086c00000, 0x0000000086c00000| Untracked 
|  59|0x0000000086d00000, 0x0000000086d00000, 0x0000000086e00000|  0%| F|  |TAMS 0x0000000086d00000, 0x0000000086d00000| Untracked 
|  60|0x0000000086e00000, 0x0000000086e00000, 0x0000000086f00000|  0%| F|  |TAMS 0x0000000086e00000, 0x0000000086e00000| Untracked 
|  61|0x0000000086f00000, 0x0000000086f00000, 0x0000000087000000|  0%| F|  |TAMS 0x0000000086f00000, 0x0000000086f00000| Untracked 
|  62|0x0000000087000000, 0x0000000087000000, 0x0000000087100000|  0%| F|  |TAMS 0x0000000087000000, 0x0000000087000000| Untracked 
|  63|0x0000000087100000, 0x0000000087100000, 0x0000000087200000|  0%| F|  |TAMS 0x0000000087100000, 0x0000000087100000| Untracked 
|  64|0x0000000087200000, 0x0000000087200000, 0x0000000087300000|  0%| F|  |TAMS 0x0000000087200000, 0x0000000087200000| Untracked 
|  65|0x0000000087300000, 0x0000000087300000, 0x0000000087400000|  0%| F|  |TAMS 0x0000000087300000, 0x0000000087300000| Untracked 
|  66|0x0000000087400000, 0x0000000087400000, 0x0000000087500000|  0%| F|  |TAMS 0x0000000087400000, 0x0000000087400000| Untracked 
|  67|0x0000000087500000, 0x0000000087500000, 0x0000000087600000|  0%| F|  |TAMS 0x0000000087500000, 0x0000000087500000| Untracked 
|  68|0x0000000087600000, 0x0000000087600000, 0x0000000087700000|  0%| F|  |TAMS 0x0000000087600000, 0x0000000087600000| Untracked 
|  69|0x0000000087700000, 0x0000000087700000, 0x0000000087800000|  0%| F|  |TAMS 0x0000000087700000, 0x0000000087700000| Untracked 
|  70|0x0000000087800000, 0x0000000087800000, 0x0000000087900000|  0%| F|  |TAMS 0x0000000087800000, 0x0000000087800000| Untracked 
|  71|0x0000000087900000, 0x0000000087900000, 0x0000000087a00000|  0%| F|  |TAMS 0x0000000087900000, 0x0000000087900000| Untracked 
|  72|0x0000000087a00000, 0x0000000087a00000, 0x0000000087b00000|  0%| F|  |TAMS 0x0000000087a00000, 0x0000000087a00000| Untracked 
|  73|0x0000000087b00000, 0x0000000087b00000, 0x0000000087c00000|  0%| F|  |TAMS 0x0000000087b00000, 0x0000000087b00000| Untracked 
|  74|0x0000000087c00000, 0x0000000087c00000, 0x0000000087d00000|  0%| F|  |TAMS 0x0000000087c00000, 0x0000000087c00000| Untracked 
|  75|0x0000000087d00000, 0x0000000087d00000, 0x0000000087e00000|  0%| F|  |TAMS 0x0000000087d00000, 0x0000000087d00000| Untracked 
|  76|0x0000000087e00000, 0x0000000087e00000, 0x0000000087f00000|  0%| F|  |TAMS 0x0000000087e00000, 0x0000000087e00000| Untracked 
|  77|0x0000000087f00000, 0x0000000087f00000, 0x0000000088000000|  0%| F|  |TAMS 0x0000000087f00000, 0x0000000087f00000| Untracked 
|  78|0x0000000088000000, 0x0000000088000000, 0x0000000088100000|  0%| F|  |TAMS 0x0000000088000000, 0x0000000088000000| Untracked 
|  79|0x0000000088100000, 0x0000000088100000, 0x0000000088200000|  0%| F|  |TAMS 0x0000000088100000, 0x0000000088100000| Untracked 
|  80|0x0000000088200000, 0x0000000088200000, 0x0000000088300000|  0%| F|  |TAMS 0x0000000088200000, 0x0000000088200000| Untracked 
|  81|0x0000000088300000, 0x0000000088300000, 0x0000000088400000|  0%| F|  |TAMS 0x0000000088300000, 0x0000000088300000| Untracked 
|  82|0x0000000088400000, 0x0000000088400000, 0x0000000088500000|  0%| F|  |TAMS 0x0000000088400000, 0x0000000088400000| Untracked 
|  83|0x0000000088500000, 0x0000000088500000, 0x0000000088600000|  0%| F|  |TAMS 0x0000000088500000, 0x0000000088500000| Untracked 
|  84|0x0000000088600000, 0x0000000088600000, 0x0000000088700000|  0%| F|  |TAMS 0x0000000088600000, 0x0000000088600000| Untracked 
|  85|0x0000000088700000, 0x0000000088700000, 0x0000000088800000|  0%| F|  |TAMS 0x0000000088700000, 0x0000000088700000| Untracked 
|  86|0x0000000088800000, 0x0000000088800000, 0x0000000088900000|  0%| F|  |TAMS 0x0000000088800000, 0x0000000088800000| Untracked 
|  87|0x0000000088900000, 0x0000000088900000, 0x0000000088a00000|  0%| F|  |TAMS 0x0000000088900000, 0x0000000088900000| Untracked 
|  88|0x0000000088a00000, 0x0000000088a00000, 0x0000000088b00000|  0%| F|  |TAMS 0x0000000088a00000, 0x0000000088a00000| Untracked 
|  89|0x0000000088b00000, 0x0000000088b00000, 0x0000000088c00000|  0%| F|  |TAMS 0x0000000088b00000, 0x0000000088b00000| Untracked 
|  90|0x0000000088c00000, 0x0000000088c00000, 0x0000000088d00000|  0%| F|  |TAMS 0x0000000088c00000, 0x0000000088c00000| Untracked 
|  91|0x0000000088d00000, 0x0000000088d00000, 0x0000000088e00000|  0%| F|  |TAMS 0x0000000088d00000, 0x0000000088d00000| Untracked 
|  92|0x0000000088e00000, 0x0000000088e00000, 0x0000000088f00000|  0%| F|  |TAMS 0x0000000088e00000, 0x0000000088e00000| Untracked 
|  93|0x0000000088f00000, 0x0000000088f00000, 0x0000000089000000|  0%| F|  |TAMS 0x0000000088f00000, 0x0000000088f00000| Untracked 
|  94|0x0000000089000000, 0x0000000089000000, 0x0000000089100000|  0%| F|  |TAMS 0x0000000089000000, 0x0000000089000000| Untracked 
|  95|0x0000000089100000, 0x0000000089100000, 0x0000000089200000|  0%| F|  |TAMS 0x0000000089100000, 0x0000000089100000| Untracked 
|  96|0x0000000089200000, 0x00000000892a4340, 0x0000000089300000| 64%| S|CS|TAMS 0x0000000089200000, 0x0000000089200000| Complete 
|  97|0x0000000089300000, 0x0000000089400000, 0x0000000089400000|100%| S|CS|TAMS 0x0000000089300000, 0x0000000089300000| Complete 
|  98|0x0000000089400000, 0x0000000089500000, 0x0000000089500000|100%| S|CS|TAMS 0x0000000089400000, 0x0000000089400000| Complete 
|  99|0x0000000089500000, 0x0000000089600000, 0x0000000089600000|100%| S|CS|TAMS 0x0000000089500000, 0x0000000089500000| Complete 
| 100|0x0000000089600000, 0x0000000089600000, 0x0000000089700000|  0%| F|  |TAMS 0x0000000089600000, 0x0000000089600000| Untracked 
| 101|0x0000000089700000, 0x0000000089700000, 0x0000000089800000|  0%| F|  |TAMS 0x0000000089700000, 0x0000000089700000| Untracked 
| 102|0x0000000089800000, 0x0000000089800000, 0x0000000089900000|  0%| F|  |TAMS 0x0000000089800000, 0x0000000089800000| Untracked 
| 103|0x0000000089900000, 0x0000000089900000, 0x0000000089a00000|  0%| F|  |TAMS 0x0000000089900000, 0x0000000089900000| Untracked 
| 104|0x0000000089a00000, 0x0000000089a00000, 0x0000000089b00000|  0%| F|  |TAMS 0x0000000089a00000, 0x0000000089a00000| Untracked 
| 105|0x0000000089b00000, 0x0000000089b00000, 0x0000000089c00000|  0%| F|  |TAMS 0x0000000089b00000, 0x0000000089b00000| Untracked 
| 106|0x0000000089c00000, 0x0000000089c00000, 0x0000000089d00000|  0%| F|  |TAMS 0x0000000089c00000, 0x0000000089c00000| Untracked 
| 107|0x0000000089d00000, 0x0000000089d00000, 0x0000000089e00000|  0%| F|  |TAMS 0x0000000089d00000, 0x0000000089d00000| Untracked 
| 108|0x0000000089e00000, 0x0000000089e00000, 0x0000000089f00000|  0%| F|  |TAMS 0x0000000089e00000, 0x0000000089e00000| Untracked 
| 109|0x0000000089f00000, 0x0000000089f00000, 0x000000008a000000|  0%| F|  |TAMS 0x0000000089f00000, 0x0000000089f00000| Untracked 
| 110|0x000000008a000000, 0x000000008a000000, 0x000000008a100000|  0%| F|  |TAMS 0x000000008a000000, 0x000000008a000000| Untracked 
| 111|0x000000008a100000, 0x000000008a100000, 0x000000008a200000|  0%| F|  |TAMS 0x000000008a100000, 0x000000008a100000| Untracked 
| 112|0x000000008a200000, 0x000000008a200000, 0x000000008a300000|  0%| F|  |TAMS 0x000000008a200000, 0x000000008a200000| Untracked 
| 113|0x000000008a300000, 0x000000008a300800, 0x000000008a400000|  0%| E|  |TAMS 0x000000008a300000, 0x000000008a300000| Complete 
| 114|0x000000008a400000, 0x000000008a500000, 0x000000008a500000|100%| E|CS|TAMS 0x000000008a400000, 0x000000008a400000| Complete 
| 115|0x000000008a500000, 0x000000008a600000, 0x000000008a600000|100%| E|CS|TAMS 0x000000008a500000, 0x000000008a500000| Complete 
| 116|0x000000008a600000, 0x000000008a700000, 0x000000008a700000|100%| E|CS|TAMS 0x000000008a600000, 0x000000008a600000| Complete 
| 117|0x000000008a700000, 0x000000008a800000, 0x000000008a800000|100%| E|CS|TAMS 0x000000008a700000, 0x000000008a700000| Complete 
| 118|0x000000008a800000, 0x000000008a900000, 0x000000008a900000|100%| E|  |TAMS 0x000000008a800000, 0x000000008a800000| Complete 
| 119|0x000000008a900000, 0x000000008aa00000, 0x000000008aa00000|100%| E|CS|TAMS 0x000000008a900000, 0x000000008a900000| Complete 
| 120|0x000000008aa00000, 0x000000008ab00000, 0x000000008ab00000|100%| E|CS|TAMS 0x000000008aa00000, 0x000000008aa00000| Complete 
| 121|0x000000008ab00000, 0x000000008ac00000, 0x000000008ac00000|100%| E|CS|TAMS 0x000000008ab00000, 0x000000008ab00000| Complete 
| 122|0x000000008ac00000, 0x000000008ad00000, 0x000000008ad00000|100%| E|CS|TAMS 0x000000008ac00000, 0x000000008ac00000| Complete 
| 123|0x000000008ad00000, 0x000000008ae00000, 0x000000008ae00000|100%| E|CS|TAMS 0x000000008ad00000, 0x000000008ad00000| Complete 
| 124|0x000000008ae00000, 0x000000008af00000, 0x000000008af00000|100%| E|CS|TAMS 0x000000008ae00000, 0x000000008ae00000| Complete 
| 125|0x000000008af00000, 0x000000008b000000, 0x000000008b000000|100%| E|CS|TAMS 0x000000008af00000, 0x000000008af00000| Complete 

Card table byte_map: [0x00000230b6f80000,0x00000230b7370000] _byte_map_base: 0x00000230b6b67000

Marking Bits (Prev, Next): (CMBitMap*) 0x000002309f665960, (CMBitMap*) 0x000002309f665920
 Prev Bits: [0x00000230b96a0000, 0x00000230bb5d8000)
 Next Bits: [0x00000230b7760000, 0x00000230b9698000)

Polling page: 0x000002309ee00000

Metaspace:

Usage:
  Non-class:     20.35 MB capacity,    20.16 MB (>99%) used,   162.42 KB ( <1%) free+waste,    27.94 KB ( <1%) overhead. 
      Class:      2.22 MB capacity,     2.13 MB ( 96%) used,    83.98 KB (  4%) free+waste,     9.19 KB ( <1%) overhead. 
       Both:     22.57 MB capacity,    22.30 MB ( 99%) used,   246.41 KB (  1%) free+waste,    37.12 KB ( <1%) overhead. 

Virtual space:
  Non-class space:       22.00 MB reserved,      20.50 MB ( 93%) committed 
      Class space:        1.00 GB reserved,       2.37 MB ( <1%) committed 
             Both:        1.02 GB reserved,      22.87 MB (  2%) committed 

Chunk freelists:
   Non-Class:  26.00 KB
       Class:  28.00 KB
        Both:  54.00 KB

MaxMetaspaceSize: 17179869184.00 GB
CompressedClassSpaceSize: 1.00 GB

CodeHeap 'non-profiled nmethods': size=120000Kb used=2062Kb max_used=2062Kb free=117937Kb
 bounds [0x00000230af330000, 0x00000230af5a0000, 0x00000230b6860000]
CodeHeap 'profiled nmethods': size=120000Kb used=7924Kb max_used=7924Kb free=112075Kb
 bounds [0x00000230a7e00000, 0x00000230a85c0000, 0x00000230af330000]
CodeHeap 'non-nmethods': size=5760Kb used=1380Kb max_used=1475Kb free=4379Kb
 bounds [0x00000230a7860000, 0x00000230a7ad0000, 0x00000230a7e00000]
 total_blobs=4584 nmethods=3894 adapters=601
 compilation: enabled
              stopped_count=0, restarted_count=0
 full_count=0

Compilation events (20 events):
Event: 58.597 Thread 0x00000230be01a270 3945       3       java.io.ObjectOutputStream$BlockDataOutputStream::write (152 bytes)
Event: 58.597 Thread 0x00000230be01a270 nmethod 3945 0x00000230a85ba410 code [0x00000230a85ba640, 0x00000230a85bae78]
Event: 62.717 Thread 0x00000230be019970 3946  s    4       java.io.ByteArrayInputStream::read (73 bytes)
Event: 62.721 Thread 0x00000230be019970 nmethod 3946 0x00000230af532790 code [0x00000230af532920, 0x00000230af532d18]
Event: 62.805 Thread 0x00000230be01a270 3947       3       java.lang.Long::hashCode (8 bytes)
Event: 62.806 Thread 0x00000230be01a270 nmethod 3947 0x00000230a85bb110 code [0x00000230a85bb2c0, 0x00000230a85bb3e8]
Event: 62.806 Thread 0x00000230be01a270 3948       3       java.lang.Long::hashCode (8 bytes)
Event: 62.806 Thread 0x00000230be01a270 nmethod 3948 0x00000230a85bb490 code [0x00000230a85bb620, 0x00000230a85bb718]
Event: 62.871 Thread 0x00000230be01a270 3949       1       java.lang.Thread::getId (5 bytes)
Event: 62.871 Thread 0x00000230be01a270 nmethod 3949 0x00000230af532f10 code [0x00000230af5330a0, 0x00000230af533158]
Event: 62.965 Thread 0x00000230be01a270 3950       3       java.lang.Long::valueOf (40 bytes)
Event: 62.965 Thread 0x00000230be01a270 nmethod 3950 0x00000230a85bb790 code [0x00000230a85bb940, 0x00000230a85bbc78]
Event: 63.122 Thread 0x00000230be01a270 3953       3       jdk.internal.util.ArraysSupport::mismatch (72 bytes)
Event: 63.122 Thread 0x00000230be019970 3954       4       java.lang.Long::hashCode (8 bytes)
Event: 63.123 Thread 0x00000230be019970 nmethod 3954 0x00000230af533610 code [0x00000230af533780, 0x00000230af5337d8]
Event: 63.123 Thread 0x00000230be01a270 nmethod 3953 0x00000230a85bbe10 code [0x00000230a85bbfe0, 0x00000230a85bc398]
Event: 63.123 Thread 0x00000230be01a270 3952       3       java.util.Arrays::equals (43 bytes)
Event: 63.124 Thread 0x00000230be01a270 nmethod 3952 0x00000230a85bc590 code [0x00000230a85bc740, 0x00000230a85bc9e8]
Event: 63.306 Thread 0x00000230be01a270 3955       3       org.netbeans.lib.profiler.server.ProfilerRuntimeSampler$Sampling::writeThreadInfoNoChange (86 bytes)
Event: 63.307 Thread 0x00000230be01a270 nmethod 3955 0x00000230a85bcb10 code [0x00000230a85bcce0, 0x00000230a85bcfe8]

GC Heap History (12 events):
Event: 1.401 GC heap before
{Heap before GC invocations=0 (full 0):
 garbage-first heap   total 129024K, used 28672K [0x0000000083200000, 0x0000000100000000)
  region size 1024K, 23 young (23552K), 0 survivors (0K)
 Metaspace       used 14768K, capacity 15034K, committed 15360K, reserved 1062912K
  class space    used 1607K, capacity 1699K, committed 1792K, reserved 1048576K
}
Event: 1.406 GC heap after
{Heap after GC invocations=1 (full 0):
 garbage-first heap   total 129024K, used 10363K [0x0000000083200000, 0x0000000100000000)
  region size 1024K, 3 young (3072K), 3 survivors (3072K)
 Metaspace       used 14768K, capacity 15034K, committed 15360K, reserved 1062912K
  class space    used 1607K, capacity 1699K, committed 1792K, reserved 1048576K
}
Event: 1.796 GC heap before
{Heap before GC invocations=1 (full 0):
 garbage-first heap   total 129024K, used 31867K [0x0000000083200000, 0x0000000100000000)
  region size 1024K, 24 young (24576K), 3 survivors (3072K)
 Metaspace       used 19513K, capacity 19776K, committed 19968K, reserved 1067008K
  class space    used 1904K, capacity 2020K, committed 2048K, reserved 1048576K
}
Event: 1.801 GC heap after
{Heap after GC invocations=2 (full 0):
 garbage-first heap   total 129024K, used 13533K [0x0000000083200000, 0x0000000100000000)
  region size 1024K, 3 young (3072K), 3 survivors (3072K)
 Metaspace       used 19513K, capacity 19776K, committed 19968K, reserved 1067008K
  class space    used 1904K, capacity 2020K, committed 2048K, reserved 1048576K
}
Event: 2.209 GC heap before
{Heap before GC invocations=2 (full 0):
 garbage-first heap   total 129024K, used 60637K [0x0000000083200000, 0x0000000100000000)
  region size 1024K, 49 young (50176K), 3 survivors (3072K)
 Metaspace       used 20455K, capacity 20736K, committed 20992K, reserved 1069056K
  class space    used 1911K, capacity 2020K, committed 2048K, reserved 1048576K
}
Event: 2.218 GC heap after
{Heap after GC invocations=3 (full 0):
 garbage-first heap   total 129024K, used 21504K [0x0000000083200000, 0x0000000100000000)
  region size 1024K, 7 young (7168K), 7 survivors (7168K)
 Metaspace       used 20455K, capacity 20736K, committed 20992K, reserved 1069056K
  class space    used 1911K, capacity 2020K, committed 2048K, reserved 1048576K
}
Event: 2.505 GC heap before
{Heap before GC invocations=3 (full 0):
 garbage-first heap   total 129024K, used 71680K [0x0000000083200000, 0x0000000100000000)
  region size 1024K, 56 young (57344K), 7 survivors (7168K)
 Metaspace       used 20767K, capacity 20993K, committed 21248K, reserved 1069056K
  class space    used 1918K, capacity 2020K, committed 2048K, reserved 1048576K
}
Event: 2.517 GC heap after
{Heap after GC invocations=4 (full 0):
 garbage-first heap   total 129024K, used 29441K [0x0000000083200000, 0x0000000100000000)
  region size 1024K, 7 young (7168K), 7 survivors (7168K)
 Metaspace       used 20767K, capacity 20993K, committed 21248K, reserved 1069056K
  class space    used 1918K, capacity 2020K, committed 2048K, reserved 1048576K
}
Event: 2.709 GC heap before
{Heap before GC invocations=4 (full 0):
 garbage-first heap   total 129024K, used 80641K [0x0000000083200000, 0x0000000100000000)
  region size 1024K, 57 young (58368K), 7 survivors (7168K)
 Metaspace       used 20779K, capacity 20993K, committed 21248K, reserved 1069056K
  class space    used 1918K, capacity 2020K, committed 2048K, reserved 1048576K
}
Event: 2.720 GC heap after
{Heap after GC invocations=5 (full 0):
 garbage-first heap   total 129024K, used 36974K [0x0000000083200000, 0x0000000100000000)
  region size 1024K, 7 young (7168K), 7 survivors (7168K)
 Metaspace       used 20779K, capacity 20993K, committed 21248K, reserved 1069056K
  class space    used 1918K, capacity 2020K, committed 2048K, reserved 1048576K
}
Event: 2.850 GC heap before
{Heap before GC invocations=5 (full 0):
 garbage-first heap   total 129024K, used 62574K [0x0000000083200000, 0x0000000100000000)
  region size 1024K, 33 young (33792K), 7 survivors (7168K)
 Metaspace       used 20963K, capacity 21185K, committed 21248K, reserved 1069056K
  class space    used 1937K, capacity 2020K, committed 2048K, reserved 1048576K
}
Event: 2.859 GC heap after
{Heap after GC invocations=6 (full 0):
 garbage-first heap   total 129024K, used 40487K [0x0000000083200000, 0x0000000100000000)
  region size 1024K, 4 young (4096K), 4 survivors (4096K)
 Metaspace       used 20963K, capacity 21185K, committed 21248K, reserved 1069056K
  class space    used 1937K, capacity 2020K, committed 2048K, reserved 1048576K
}

Deoptimization events (20 events):
Event: 52.366 Thread 0x00000230beb5f5c0 DEOPT PACKING pc=0x00000230a85a33ef sp=0x000000d6563fe960
Event: 52.366 Thread 0x00000230beb5f5c0 DEOPT UNPACKING pc=0x00000230a78ae23f sp=0x000000d6563fdee0 mode 0
Event: 52.367 Thread 0x00000230beb5f5c0 DEOPT PACKING pc=0x00000230a85a33ef sp=0x000000d6563fe980
Event: 52.367 Thread 0x00000230beb5f5c0 DEOPT UNPACKING pc=0x00000230a78ae23f sp=0x000000d6563fdf00 mode 0
Event: 52.367 Thread 0x00000230beb5f5c0 DEOPT PACKING pc=0x00000230a85a33ef sp=0x000000d6563fe8c0
Event: 52.367 Thread 0x00000230beb5f5c0 DEOPT UNPACKING pc=0x00000230a78ae23f sp=0x000000d6563fde40 mode 0
Event: 52.367 Thread 0x00000230beb5f5c0 DEOPT PACKING pc=0x00000230a858ba31 sp=0x000000d6563fee90
Event: 52.367 Thread 0x00000230beb5f5c0 DEOPT UNPACKING pc=0x00000230a78ae23f sp=0x000000d6563fe340 mode 0
Event: 52.370 Thread 0x00000230beb5f5c0 DEOPT PACKING pc=0x00000230a858ba31 sp=0x000000d6563fee90
Event: 52.370 Thread 0x00000230beb5f5c0 DEOPT UNPACKING pc=0x00000230a78ae23f sp=0x000000d6563fe340 mode 0
Event: 52.371 Thread 0x00000230beb5f5c0 DEOPT PACKING pc=0x00000230a858ba31 sp=0x000000d6563fee90
Event: 52.371 Thread 0x00000230beb5f5c0 DEOPT UNPACKING pc=0x00000230a78ae23f sp=0x000000d6563fe340 mode 0
Event: 52.374 Thread 0x00000230beb5f5c0 DEOPT PACKING pc=0x00000230a858ba31 sp=0x000000d6563fee90
Event: 52.374 Thread 0x00000230beb5f5c0 DEOPT UNPACKING pc=0x00000230a78ae23f sp=0x000000d6563fe340 mode 0
Event: 52.376 Thread 0x00000230beb5f5c0 DEOPT PACKING pc=0x00000230a858ba31 sp=0x000000d6563fee90
Event: 52.376 Thread 0x00000230beb5f5c0 DEOPT UNPACKING pc=0x00000230a78ae23f sp=0x000000d6563fe340 mode 0
Event: 62.717 Thread 0x00000230beb5f5c0 Uncommon trap: trap_request=0xffffffde fr.pc=0x00000230af43bdd8 relative=0x0000000000000138
Event: 62.717 Thread 0x00000230beb5f5c0 Uncommon trap: reason=class_check action=maybe_recompile pc=0x00000230af43bdd8 method=java.nio.ByteBuffer.get([B)Ljava/nio/ByteBuffer; @ 5 c2
Event: 62.717 Thread 0x00000230beb5f5c0 DEOPT PACKING pc=0x00000230af43bdd8 sp=0x000000d6563fed40
Event: 62.717 Thread 0x00000230beb5f5c0 DEOPT UNPACKING pc=0x00000230a78ae42f sp=0x000000d6563fecf8 mode 2

Classes unloaded (1 events):
Event: 2.899 Thread 0x00000230bdff6770 Unloading class 0x0000000800bbf840 'org/netbeans/lib/profiler/ConstructorTest'

Classes redefined (0 events):
No events

Internal exceptions (20 events):
Event: 0.684 Thread 0x00000230beb5f5c0 Exception <a 'java/lang/NoSuchMethodError'{0x000000008a9c77a0}: 'java.lang.Object java.lang.invoke.Invokers$Holder.invoke_MT(java.lang.Object, java.lang.Object, java.lang.Object)'> (0x000000008a9c77a0) 
thrown [./open/src/hotspot/share/interpreter/linkResolver.cpp, line 782]
Event: 0.915 Thread 0x000002309f624fb0 Exception <a 'java/lang/ClassNotFoundException'{0x000000008a88b120}: sun/awt/resources/spi/awtProvider> (0x000000008a88b120) 
thrown [./open/src/hotspot/share/classfile/systemDictionary.cpp, line 295]
Event: 0.920 Thread 0x000002309f624fb0 Exception <a 'java/io/FileNotFoundException'{0x000000008a896358}> (0x000000008a896358) 
thrown [./open/src/hotspot/share/prims/jni.cpp, line 578]
Event: 0.924 Thread 0x000002309f624fb0 Exception <a 'java/io/FileNotFoundException'{0x000000008a8c4f50}> (0x000000008a8c4f50) 
thrown [./open/src/hotspot/share/prims/jni.cpp, line 578]
Event: 0.969 Thread 0x000002309f624fb0 Exception <a 'java/lang/NoSuchMethodError'{0x000000008a739678}: 'java.lang.Object java.lang.invoke.DirectMethodHandle$Holder.newInvokeSpecial(java.lang.Object, java.lang.Object, java.lang.Object, java.lang.Object, java.lang.Object)'> (0x000000008a739678) 
thrown [./open/src/hotspot/share/interpreter/linkResolver.cpp, line 782]
Event: 0.970 Thread 0x000002309f624fb0 Exception <a 'java/lang/NoSuchMethodError'{0x000000008a744e10}: 'java.lang.Object java.lang.invoke.DirectMethodHandle$Holder.invokeStatic(java.lang.Object, int, java.lang.Object, java.lang.Object, java.lang.Object, java.lang.Object)'> (0x000000008a744e10) 
thrown [./open/src/hotspot/share/interpreter/linkResolver.cpp, line 782]
Event: 0.974 Thread 0x000002309f624fb0 Exception <a 'java/lang/NoSuchMethodError'{0x000000008a76af30}: 'java.lang.Object java.lang.invoke.DirectMethodHandle$Holder.invokeStatic(java.lang.Object, int, java.lang.Object)'> (0x000000008a76af30) 
thrown [./open/src/hotspot/share/interpreter/linkResolver.cpp, line 782]
Event: 1.001 Thread 0x000002309f624fb0 Exception <a 'java/lang/ClassNotFoundException'{0x000000008a634130}: com/sun/swing/internal/plaf/metal/resources/spi/metalProvider> (0x000000008a634130) 
thrown [./open/src/hotspot/share/classfile/systemDictionary.cpp, line 295]
Event: 1.002 Thread 0x000002309f624fb0 Exception <a 'java/lang/ClassNotFoundException'{0x000000008a6382e8}: com/sun/swing/internal/plaf/basic/resources/spi/basicProvider> (0x000000008a6382e8) 
thrown [./open/src/hotspot/share/classfile/systemDictionary.cpp, line 295]
Event: 1.004 Thread 0x000002309f624fb0 Exception <a 'java/lang/NoSuchMethodError'{0x000000008a645900}: 'void java.lang.invoke.DirectMethodHandle$Holder.invokeStaticInit(java.lang.Object)'> (0x000000008a645900) 
thrown [./open/src/hotspot/share/interpreter/linkResolver.cpp, line 782]
Event: 1.018 Thread 0x000002309f624fb0 Exception <a 'java/lang/ClassNotFoundException'{0x000000008a6a3338}: com/sun/java/swing/plaf/windows/resources/spi/windowsProvider> (0x000000008a6a3338) 
thrown [./open/src/hotspot/share/classfile/systemDictionary.cpp, line 295]
Event: 1.080 Thread 0x00000230bf8178f0 Implicit null exception at 0x00000230af37a260 to 0x00000230af37a2f6
Event: 1.096 Thread 0x00000230bf79c0e0 Implicit null exception at 0x00000230af368af4 to 0x00000230af369090
Event: 1.096 Thread 0x00000230bf79c0e0 Implicit null exception at 0x00000230af367c74 to 0x00000230af368220
Event: 1.122 Thread 0x00000230bf79c0e0 Exception <a 'java/lang/NoSuchMethodError'{0x000000008a3075d0}: 'java.lang.Object java.lang.invoke.DirectMethodHandle$Holder.newInvokeSpecial(java.lang.Object, java.lang.Object, java.lang.Object, int, int, int, int, int)'> (0x000000008a3075d0) 
thrown [./open/src/hotspot/share/interpreter/linkResolver.cpp, line 782]
Event: 1.279 Thread 0x00000230bf8178f0 Exception <a 'java/lang/NoClassDefFoundError'{0x0000000089eed468}: org/apache/log4j/Priority> (0x0000000089eed468) 
thrown [./open/src/hotspot/share/classfile/systemDictionary.cpp, line 284]
Event: 2.103 Thread 0x00000230bf8178f0 Implicit null exception at 0x00000230af431745 to 0x00000230af431ae8
Event: 2.360 Thread 0x00000230bf8178f0 Implicit null exception at 0x00000230af42f3e1 to 0x00000230af42f518
Event: 2.453 Thread 0x00000230bf8178f0 Implicit null exception at 0x00000230af48fde4 to 0x00000230af492280
Event: 2.470 Thread 0x00000230bf8178f0 Implicit null exception at 0x00000230af46f660 to 0x00000230af46fd16

Events (20 events):
Event: 63.664 Executing VM operation: GetAllStackTraces
Event: 63.665 Executing VM operation: GetAllStackTraces done
Event: 63.680 Executing VM operation: GetAllStackTraces
Event: 63.681 Executing VM operation: GetAllStackTraces done
Event: 63.701 Executing VM operation: GetAllStackTraces
Event: 63.701 Executing VM operation: GetAllStackTraces done
Event: 63.719 Executing VM operation: GetAllStackTraces
Event: 63.719 Executing VM operation: GetAllStackTraces done
Event: 63.737 Executing VM operation: GetAllStackTraces
Event: 63.738 Executing VM operation: GetAllStackTraces done
Event: 63.738 loading class org/netbeans/lib/profiler/wireprotocol/EventBufferDumpedCommand
Event: 63.747 loading class org/netbeans/lib/profiler/wireprotocol/EventBufferDumpedCommand done
Event: 63.753 Executing VM operation: GetAllStackTraces
Event: 63.753 Executing VM operation: GetAllStackTraces done
Event: 63.753 Executing VM operation: HandshakeAllThreads
Event: 63.753 Executing VM operation: HandshakeAllThreads done
Event: 63.756 loading class org/netbeans/lib/profiler/wireprotocol/DumpResultsResponse
Event: 63.756 loading class org/netbeans/lib/profiler/wireprotocol/DumpResultsResponse done
Event: 63.760 loading class org/netbeans/lib/profiler/wireprotocol/GetMethodNamesForJMethodIdsCommand
Event: 63.760 loading class org/netbeans/lib/profiler/wireprotocol/GetMethodNamesForJMethodIdsCommand done


Dynamic libraries:
0x00007ff6491f0000 - 0x00007ff6491ff000 	C:\Program Files\Java\jdk-15\bin\java.exe
0x00007ffe612c0000 - 0x00007ffe614c9000 	C:\WINDOWS\SYSTEM32\ntdll.dll
0x00007ffe60c10000 - 0x00007ffe60ccd000 	C:\WINDOWS\System32\KERNEL32.DLL
0x00007ffe5ec50000 - 0x00007ffe5efc4000 	C:\WINDOWS\System32\KERNELBASE.dll
0x00007ffe5e8d0000 - 0x00007ffe5e9e1000 	C:\WINDOWS\System32\ucrtbase.dll
0x00007ffe54bc0000 - 0x00007ffe54bd8000 	C:\Program Files\Java\jdk-15\bin\jli.dll
0x00007ffe572e0000 - 0x00007ffe572f9000 	C:\Program Files\Java\jdk-15\bin\VCRUNTIME140.dll
0x00007ffe5f4e0000 - 0x00007ffe5f58e000 	C:\WINDOWS\System32\ADVAPI32.dll
0x00007ffe5f700000 - 0x00007ffe5f7a3000 	C:\WINDOWS\System32\msvcrt.dll
0x00007ffe607b0000 - 0x00007ffe6084e000 	C:\WINDOWS\System32\sechost.dll
0x00007ffe609f0000 - 0x00007ffe60b10000 	C:\WINDOWS\System32\RPCRT4.dll
0x00007ffe60f40000 - 0x00007ffe610ec000 	C:\WINDOWS\System32\USER32.dll
0x00007ffe5ec20000 - 0x00007ffe5ec46000 	C:\WINDOWS\System32\win32u.dll
0x00007ffe43b40000 - 0x00007ffe43de5000 	C:\WINDOWS\WinSxS\amd64_microsoft.windows.common-controls_6595b64144ccf1df_6.0.22000.120_none_9d947278b86cc467\COMCTL32.dll
0x00007ffe5f6d0000 - 0x00007ffe5f6f9000 	C:\WINDOWS\System32\GDI32.dll
0x00007ffe5e7b0000 - 0x00007ffe5e8c2000 	C:\WINDOWS\System32\gdi32full.dll
0x00007ffe5f040000 - 0x00007ffe5f0dd000 	C:\WINDOWS\System32\msvcp_win.dll
0x00007ffe52930000 - 0x00007ffe5293a000 	C:\WINDOWS\SYSTEM32\VERSION.dll
0x00007ffe60770000 - 0x00007ffe607a1000 	C:\WINDOWS\System32\IMM32.DLL
0x00007ffe58310000 - 0x00007ffe5831c000 	C:\Program Files\Java\jdk-15\bin\vcruntime140_1.dll
0x00007ffe4bbc0000 - 0x00007ffe4bc51000 	C:\Program Files\Java\jdk-15\bin\msvcp140.dll
0x00007ffdec320000 - 0x00007ffdece7c000 	C:\Program Files\Java\jdk-15\bin\server\jvm.dll
0x00007ffe5f930000 - 0x00007ffe5f938000 	C:\WINDOWS\System32\PSAPI.DLL
0x00007ffe55e90000 - 0x00007ffe55ec3000 	C:\WINDOWS\SYSTEM32\WINMM.dll
0x00007ffe443f0000 - 0x00007ffe443f9000 	C:\WINDOWS\SYSTEM32\WSOCK32.dll
0x00007ffe60b10000 - 0x00007ffe60b7f000 	C:\WINDOWS\System32\WS2_32.dll
0x00007ffe5d8b0000 - 0x00007ffe5d8c8000 	C:\WINDOWS\SYSTEM32\kernel.appcore.dll
0x00007ffe56b30000 - 0x00007ffe56b3a000 	C:\Program Files\Java\jdk-15\bin\jimage.dll
0x00007ffe59140000 - 0x00007ffe59361000 	C:\WINDOWS\SYSTEM32\DBGHELP.DLL
0x00007ffe47af0000 - 0x00007ffe47b21000 	C:\WINDOWS\SYSTEM32\dbgcore.DLL
0x00007ffe5f0e0000 - 0x00007ffe5f15f000 	C:\WINDOWS\System32\bcryptPrimitives.dll
0x00007ffe54bb0000 - 0x00007ffe54bbf000 	C:\Program Files\NetBeans-12.1\netbeans\profiler\lib\deployed\jdk16\windows-amd64\profilerinterface.dll
0x00007ffe556a0000 - 0x00007ffe556c5000 	C:\Program Files\Java\jdk-15\bin\java.dll
0x00007ffe4dd00000 - 0x00007ffe4dd18000 	C:\Program Files\Java\jdk-15\bin\zip.dll
0x00007ffe5f950000 - 0x00007ffe600fe000 	C:\WINDOWS\System32\SHELL32.dll
0x00007ffe5c7c0000 - 0x00007ffe5d028000 	C:\WINDOWS\SYSTEM32\windows.storage.dll
0x00007ffe5f160000 - 0x00007ffe5f4d8000 	C:\WINDOWS\System32\combase.dll
0x00007ffe5c650000 - 0x00007ffe5c7b6000 	C:\WINDOWS\SYSTEM32\wintypes.dll
0x00007ffe5f840000 - 0x00007ffe5f92a000 	C:\WINDOWS\System32\SHCORE.dll
0x00007ffe60690000 - 0x00007ffe606ed000 	C:\WINDOWS\System32\shlwapi.dll
0x00007ffe5e6e0000 - 0x00007ffe5e701000 	C:\WINDOWS\SYSTEM32\profapi.dll
0x00007ffe55680000 - 0x00007ffe55699000 	C:\Program Files\Java\jdk-15\bin\net.dll
0x00007ffe54450000 - 0x00007ffe5455c000 	C:\WINDOWS\SYSTEM32\WINHTTP.dll
0x00007ffe5dce0000 - 0x00007ffe5dd47000 	C:\WINDOWS\system32\mswsock.dll
0x00007ffe4dd20000 - 0x00007ffe4dd32000 	C:\Program Files\Java\jdk-15\bin\nio.dll
0x00007ffe55e80000 - 0x00007ffe55e89000 	C:\Program Files\Java\jdk-15\bin\management.dll
0x00007ffe554f0000 - 0x00007ffe554fb000 	C:\Program Files\Java\jdk-15\bin\management_ext.dll
0x00007ffe5df30000 - 0x00007ffe5df48000 	C:\WINDOWS\SYSTEM32\CRYPTSP.dll
0x00007ffe5d810000 - 0x00007ffe5d845000 	C:\WINDOWS\system32\rsaenh.dll
0x00007ffe5ddd0000 - 0x00007ffe5ddf9000 	C:\WINDOWS\SYSTEM32\USERENV.dll
0x00007ffe5e110000 - 0x00007ffe5e137000 	C:\WINDOWS\SYSTEM32\bcrypt.dll
0x00007ffe5df20000 - 0x00007ffe5df2c000 	C:\WINDOWS\SYSTEM32\CRYPTBASE.dll
0x00007ffe5d3e0000 - 0x00007ffe5d40d000 	C:\WINDOWS\SYSTEM32\IPHLPAPI.DLL
0x00007ffe5f830000 - 0x00007ffe5f839000 	C:\WINDOWS\System32\NSI.dll
0x00007ffe54850000 - 0x00007ffe54869000 	C:\WINDOWS\SYSTEM32\dhcpcsvc6.DLL
0x00007ffe54980000 - 0x00007ffe5499e000 	C:\WINDOWS\SYSTEM32\dhcpcsvc.DLL
0x00007ffe5d450000 - 0x00007ffe5d537000 	C:\WINDOWS\SYSTEM32\DNSAPI.dll
0x00007ffe389b0000 - 0x00007ffe38b30000 	C:\Program Files\Java\jdk-15\bin\awt.dll
0x00007ffe5f5f0000 - 0x00007ffe5f6c6000 	C:\WINDOWS\System32\OLEAUT32.dll
0x00007ffe58730000 - 0x00007ffe587c1000 	C:\WINDOWS\SYSTEM32\apphelp.dll
0x00007ffe588a0000 - 0x00007ffe5894c000 	C:\WINDOWS\system32\uxtheme.dll
0x00007ffe60570000 - 0x00007ffe6068e000 	C:\WINDOWS\System32\MSCTF.dll
0x00007ffe60850000 - 0x00007ffe609ea000 	C:\WINDOWS\System32\ole32.dll
0x00007ffe58f10000 - 0x00007ffe58f3f000 	C:\WINDOWS\system32\DWMAPI.DLL
0x00007ffe37fb0000 - 0x00007ffe380b1000 	C:\WINDOWS\system32\opengl32.dll
0x00007ffe4a5e0000 - 0x00007ffe4a60d000 	C:\WINDOWS\SYSTEM32\GLU32.dll
0x00007ffe58be0000 - 0x00007ffe58c18000 	C:\WINDOWS\SYSTEM32\dxcore.dll
0x00007ffe4ae40000 - 0x00007ffe4aec5000 	C:\Program Files\Java\jdk-15\bin\freetype.dll
0x00007ffe4ad90000 - 0x00007ffe4ae39000 	C:\Program Files\Java\jdk-15\bin\fontmanager.dll
0x00007ffe4bc70000 - 0x00007ffe4bc9d000 	C:\Program Files\Java\jdk-15\bin\javajpeg.dll
0x00007ffe30530000 - 0x00007ffe3065d000 	C:\WINDOWS\SYSTEM32\textinputframework.dll
0x00007ffe56380000 - 0x00007ffe56390000 	C:\Program Files\Java\jdk-15\bin\verify.dll
0x00007ffe57dc0000 - 0x00007ffe57ef2000 	C:\WINDOWS\SYSTEM32\CoreMessaging.dll
0x00007ffe54be0000 - 0x00007ffe54f4d000 	C:\WINDOWS\SYSTEM32\CoreUIComponents.dll

dbghelp: loaded successfully - version: 4.0.5 - missing functions: none
symbol engine: initialized successfully - sym options: 0x614 - pdb path: .;C:\Program Files\Java\jdk-15\bin;C:\WINDOWS\SYSTEM32;C:\WINDOWS\WinSxS\amd64_microsoft.windows.common-controls_6595b64144ccf1df_6.0.22000.120_none_9d947278b86cc467;C:\Program Files\Java\jdk-15\bin\server;C:\Program Files\NetBeans-12.1\netbeans\profiler\lib\deployed\jdk16\windows-amd64

VM Arguments:
jvm_args: -Dfile.encoding=UTF-8 -agentpath:C:/Program Files/NetBeans-12.1/netbeans/profiler/lib/deployed/jdk16/windows-amd64/profilerinterface.dll=C:\Program Files\NetBeans-12.1\netbeans\profiler\lib,5140,10 -XX:+HeapDumpOnOutOfMemoryError -XX:HeapDumpPath=C:\Users\colin\OneDrive\Documents\current\ClinicPMS\nbproject\private\profiler 
java_command: clinicpms.controller.DesktopViewController DATA_MIGRATION_ENABLED
java_class_path (initial): C:\Users\colin\OneDrive\Documents\current\ClinicPMS\lib\opencsv-5.3.jar;C:\Users\colin\OneDrive\Documents\current\ClinicPMS\lib\commons-logging-1.2.jar;C:\Users\colin\OneDrive\Documents\current\ClinicPMS\jar downloads\hsqldb-2.5.0.jar;C:\Users\colin\OneDrive\Documents\current\ClinicPMS\jar downloads\ucanaccess-5.0.1.jar;C:\Users\colin\OneDrive\Documents\current\ClinicPMS\jar downloads\jackcess-4.0.0.jar;C:\Users\colin\OneDrive\Documents\current\ClinicPMS\lib\LGoodDatePicker-11.1.0.jar;C:\Users\colin\OneDrive\Documents\current\ClinicPMS\jar downloads\postgresql-42.2.19.jar;C:\Users\colin\OneDrive\Documents\current\ClinicPMS\lib\commons-lang3-3.8.1.jar;C:\Users\colin\OneDrive\Documents\current\ClinicPMS\jar downloads\commons-io-2.11.0.jar;C:\Users\colin\OneDrive\Documents\current\ClinicPMS\jar downloads\commons-io-2.11.0-javadoc.jar;C:\Users\colin\OneDrive\Documents\current\ClinicPMS\build\classes
Launcher Type: SUN_STANDARD

[Global flags]
     intx CICompilerCount                          = 4                                         {product} {ergonomic}
     uint ConcGCThreads                            = 2                                         {product} {ergonomic}
     uint G1ConcRefinementThreads                  = 8                                         {product} {ergonomic}
   size_t G1HeapRegionSize                         = 1048576                                   {product} {ergonomic}
    uintx GCDrainStackTargetSize                   = 64                                        {product} {ergonomic}
     bool HeapDumpOnOutOfMemoryError               = true                                   {manageable} {command line}
    ccstr HeapDumpPath                             = C:\Users\colin\OneDrive\Documents\current\ClinicPMS\nbproject\private\profiler         {manageable} {command line}
   size_t InitialHeapSize                          = 132120576                                 {product} {ergonomic}
   size_t MarkStackSize                            = 4194304                                   {product} {ergonomic}
   size_t MaxHeapSize                              = 2095054848                                {product} {ergonomic}
   size_t MaxNewSize                               = 1256194048                                {product} {ergonomic}
   size_t MinHeapDeltaBytes                        = 1048576                                   {product} {ergonomic}
   size_t MinHeapSize                              = 8388608                                   {product} {ergonomic}
    uintx NonNMethodCodeHeapSize                   = 5839372                                {pd product} {ergonomic}
    uintx NonProfiledCodeHeapSize                  = 122909434                              {pd product} {ergonomic}
    uintx ProfiledCodeHeapSize                     = 122909434                              {pd product} {ergonomic}
    uintx ReservedCodeCacheSize                    = 251658240                              {pd product} {ergonomic}
     bool SegmentedCodeCache                       = true                                      {product} {ergonomic}
   size_t SoftMaxHeapSize                          = 2095054848                             {manageable} {ergonomic}
     bool UseCompressedClassPointers               = true                                 {lp64_product} {ergonomic}
     bool UseCompressedOops                        = true                                 {lp64_product} {ergonomic}
     bool UseG1GC                                  = true                                      {product} {ergonomic}
     bool UseLargePagesIndividualAllocation        = false                                  {pd product} {ergonomic}

Logging:
Log output configuration:
 #0: stdout all=warning uptime,level,tags
 #1: stderr all=off uptime,level,tags

Environment Variables:
CLASSPATH=c:\com
PATH=C:\Program Files\Common Files\Oracle\Java\javapath;C:\WINDOWS\system32;C:\WINDOWS;C:\WINDOWS\System32\Wbem;C:\WINDOWS\System32\WindowsPowerShell\v1.0\;C:\WINDOWS\System32\OpenSSH\;C:\Program Files\Git LFS;C:\Program Files\Git\cmd;C:\Program Files\MySQL\MySQL Shell 8.0\bin\;C:\Users\colin\AppData\Local\Programs\Python\Python38\Scripts\;C:\Users\colin\AppData\Local\Programs\Python\Python38\;C:\Users\colin\AppData\Local\Microsoft\WindowsApps;
USERNAME=colin
OS=Windows_NT
PROCESSOR_IDENTIFIER=Intel64 Family 6 Model 142 Stepping 12, GenuineIntel



---------------  S Y S T E M  ---------------

OS:
 Windows 10 , 64 bit Build 22000 (10.0.22000.434)
OS uptime: 6 days 13:44 hours

CPU: total 8 (initial active 8) (4 cores per cpu, 2 threads per core) family 6 model 142 stepping 12, cmov, cx8, fxsr, mmx, sse, sse2, sse3, ssse3, sse4.1, sse4.2, popcnt, vzeroupper, avx, avx2, aes, clmul, erms, 3dnowpref, lzcnt, ht, tsc, tscinvbit, bmi1, bmi2, adx, fma, clflush, clflushopt

Memory: 4k page, system-wide physical 7988M (3472M free)
TotalPageFile size 13364M (AvailPageFile size 6626M)
current process WorkingSet (physical memory assigned to process): 210M, peak: 266M
current process commit charge ("private bytes"): 266M, peak: 327M

vm_info: Java HotSpot(TM) 64-Bit Server VM (15+36-1562) for windows-amd64 JRE (15+36-1562), built on Aug 11 2020 22:38:02 by "mach5one" with unknown MS VC++:1925

END.
